Configuring adjunctions-4.3...
Preprocessing library for adjunctions-4.3..
Building library for adjunctions-4.3..
[ 1 of 11] Compiling Control.Monad.Trans.Conts ( src\Control\Monad\Trans\Conts.hs, .stack-work\dist\5c8418a7\build\Control\Monad\Trans\Conts.o )
[ 2 of 11] Compiling Data.Functor.Contravariant.Rep ( src\Data\Functor\Contravariant\Rep.hs, .stack-work\dist\5c8418a7\build\Data\Functor\Contravariant\Rep.o )

[;1msrc\Data\Functor\Contravariant\Rep.hs:55:1: [;1m[35mwarning:[0m[0m[;1m [[;1m[35m-Winline-rule-shadowing[0m[0m[;1m][0m[0m[;1m
    Rule "tabulate/index" may never fire
      because rule "Class op index" for `index' might fire first
    Probable fix: add phase [n] or [~n] to the competing rule[0m[0m
[;1m[34m   |[0m[0m
[;1m[34m55 |[0m[0m [;1m[35m"tabulate/index" forall t. tabulate (index t) = t[0m[0m #-}
[;1m[34m   |[0m[0m[;1m[35m ^^^^^^^^^^^^^^^^^^^^^^^^^^^^^^^^^^^^^^^^^^^^^^^^^[0m[0m
[0m[0m[0m[ 3 of 11] Compiling Data.Functor.Contravariant.Adjunction ( src\Data\Functor\Contravariant\Adjunction.hs, .stack-work\dist\5c8418a7\build\Data\Functor\Contravariant\Adjunction.o )
[ 4 of 11] Compiling Control.Monad.Trans.Contravariant.Adjoint ( src\Control\Monad\Trans\Contravariant\Adjoint.hs, .stack-work\dist\5c8418a7\build\Control\Monad\Trans\Contravariant\Adjoint.o )
[ 5 of 11] Compiling Data.Functor.Rep ( src\Data\Functor\Rep.hs, .stack-work\dist\5c8418a7\build\Data\Functor\Rep.o )

[;1msrc\Data\Functor\Rep.hs:111:1: [;1m[35mwarning:[0m[0m[;1m [[;1m[35m-Winline-rule-shadowing[0m[0m[;1m][0m[0m[;1m
    Rule "tabulate/index" may never fire
      because rule "Class op index" for `index' might fire first
    Probable fix: add phase [n] or [~n] to the competing rule[0m[0m
[;1m[34m    |[0m[0m
[;1m[34m111 |[0m[0m [;1m[35m"tabulate/index" forall t. tabulate (index t) = t[0m[0m #-}
[;1m[34m    |[0m[0m[;1m[35m ^^^^^^^^^^^^^^^^^^^^^^^^^^^^^^^^^^^^^^^^^^^^^^^^^[0m[0m
[0m[0m[0m[ 6 of 11] Compiling Data.Functor.Adjunction ( src\Data\Functor\Adjunction.hs, .stack-work\dist\5c8418a7\build\Data\Functor\Adjunction.o )
[ 7 of 11] Compiling Control.Monad.Trans.Adjoint ( src\Control\Monad\Trans\Adjoint.hs, .stack-work\dist\5c8418a7\build\Control\Monad\Trans\Adjoint.o )
[ 8 of 11] Compiling Control.Comonad.Trans.Adjoint ( src\Control\Comonad\Trans\Adjoint.hs, .stack-work\dist\5c8418a7\build\Control\Comonad\Trans\Adjoint.o )
[ 9 of 11] Compiling Control.Monad.Representable.State ( src\Control\Monad\Representable\State.hs, .stack-work\dist\5c8418a7\build\Control\Monad\Representable\State.o )
[10 of 11] Compiling Control.Monad.Representable.Reader ( src\Control\Monad\Representable\Reader.hs, .stack-work\dist\5c8418a7\build\Control\Monad\Representable\Reader.o )
[11 of 11] Compiling Control.Comonad.Representable.Store ( src\Control\Comonad\Representable\Store.hs, .stack-work\dist\5c8418a7\build\Control\Comonad\Representable\Store.o )
Installing library in C:\sr\snapshots\8a26ed14\lib\x86_64-windows-ghc-8.2.2\adjunctions-4.3-GBTf0h6RaFh4FkATAqcvqh
Registering library for adjunctions-4.3..
