Configuring parsers-0.12.8...
Preprocessing library for parsers-0.12.8..
Building library for parsers-0.12.8..
[1 of 8] Compiling Text.Parser.Combinators ( src/Text/Parser/Combinators.hs, .stack-work/dist/x86_64-linux/Cabal-2.0.1.0/build/Text/Parser/Combinators.o )
[2 of 8] Compiling Text.Parser.Char ( src/Text/Parser/Char.hs, .stack-work/dist/x86_64-linux/Cabal-2.0.1.0/build/Text/Parser/Char.o )
[3 of 8] Compiling Text.Parser.Expression ( src/Text/Parser/Expression.hs, .stack-work/dist/x86_64-linux/Cabal-2.0.1.0/build/Text/Parser/Expression.o )

[;1msrc/Text/Parser/Expression.hs:115:15: [;1m[35mwarning:[0m[0m[;1m [[;1m[35m-Wmonomorphism-restriction[0m[0m[;1m][0m[0m[;1m
    • The Monomorphism Restriction applies to the bindings for ‘rassoc’,
                                                               ‘lassoc’, ‘nassoc’, ‘prefix’,
                                                               ‘postfix’
        Consider giving a type signature for these binders
    • In the expression:
        let
          rassoc, lassoc, nassoc :: [m (a -> a -> a)]
          prefix, postfix :: [m (a -> a)]
          (rassoc, lassoc, nassoc, prefix, postfix)
            = foldr splitOp ([], [], [], [], []) ops
          ....
        in
          termP <**> (rassocP <|> lassocP <|> nassocP <|> pure id)
            <?> "operator"
      In an equation for ‘makeParser’:
          makeParser term ops
            = let
                rassoc, lassoc, nassoc :: [m (a -> a -> a)]
                prefix, postfix :: [m (a -> a)]
                ....
              in
                termP <**> (rassocP <|> lassocP <|> nassocP <|> pure id)
                  <?> "operator"
      In an equation for ‘buildExpressionParser’:
          buildExpressionParser operators simpleExpr
            = foldl makeParser simpleExpr operators
            where
                makeParser term ops
                  = let ...
                    in
                      termP <**> (rassocP <|> lassocP <|> nassocP <|> pure id)
                        <?> "operator"
                splitOp (Infix op assoc) (rassoc, lassoc, nassoc, prefix, postfix)
                  = case assoc of
                      AssocNone -> ...
                      AssocLeft -> ...
                      AssocRight -> ...
                splitOp (Prefix op) (rassoc, lassoc, nassoc, prefix, postfix)
                  = (rassoc, lassoc, nassoc, op : prefix, postfix)
                splitOp (Postfix op) (rassoc, lassoc, nassoc, prefix, postfix)
                  = (rassoc, lassoc, nassoc, prefix, op : postfix)[0m[0m
[;1m[34m    |[0m[0m
[;1m[34m115 |[0m[0m               [;1m[35m(rassoc,lassoc,nassoc,prefix,postfix) = foldr splitOp ([],[],[],[],[]) ops[0m[0m
[;1m[34m    |[0m[0m[;1m[35m               ^^^^^^^^^^^^^^^^^^^^^^^^^^^^^^^^^^^^^^^^^^^^^^^^^^^^^^^^^^^^^^^^^^^^^^^^^^[0m[0m
[0m[0m[0m[4 of 8] Compiling Text.Parser.LookAhead ( src/Text/Parser/LookAhead.hs, .stack-work/dist/x86_64-linux/Cabal-2.0.1.0/build/Text/Parser/LookAhead.o )
[5 of 8] Compiling Text.Parser.Permutation ( src/Text/Parser/Permutation.hs, .stack-work/dist/x86_64-linux/Cabal-2.0.1.0/build/Text/Parser/Permutation.o )
[6 of 8] Compiling Text.Parser.Token.Highlight ( src/Text/Parser/Token/Highlight.hs, .stack-work/dist/x86_64-linux/Cabal-2.0.1.0/build/Text/Parser/Token/Highlight.o )
[7 of 8] Compiling Text.Parser.Token ( src/Text/Parser/Token.hs, .stack-work/dist/x86_64-linux/Cabal-2.0.1.0/build/Text/Parser/Token.o )

[;1msrc/Text/Parser/Token.hs:642:38: [;1m[35mwarning:[0m[0m[;1m [[;1m[35m-Wincomplete-uni-patterns[0m[0m[;1m][0m[0m[;1m
    Pattern match(es) are non-exhaustive
    In a pattern binding: Patterns not matched: (_, [])[0m[0m
[;1m[34m    |[0m[0m
[;1m[34m642 |[0m[0m                                      [;1m[35m(low, ex : high) = splitAt bd dps[0m[0m
[;1m[34m    |[0m[0m[;1m[35m                                      ^^^^^^^^^^^^^^^^^^^^^^^^^^^^^^^^^[0m[0m
[0m[0m[0m[8 of 8] Compiling Text.Parser.Token.Style ( src/Text/Parser/Token/Style.hs, .stack-work/dist/x86_64-linux/Cabal-2.0.1.0/build/Text/Parser/Token/Style.o )
Installing library in /home/jelfs/.stack/snapshots/x86_64-linux/lts-10.5/8.2.2/lib/x86_64-linux-ghc-8.2.2/parsers-0.12.8-DC1cO6Jqfvj50dVa7vLScy
Registering library for parsers-0.12.8..
