Configuring easy-file-0.2.1...
Preprocessing library for easy-file-0.2.1..
Building library for easy-file-0.2.1..
[1 of 4] Compiling System.EasyFile.Directory ( System\EasyFile\Directory.hs, .stack-work\dist\5c8418a7\build\System\EasyFile\Directory.o )

[;1mSystem\EasyFile\Directory.hs:37:1: [;1m[35mwarning:[0m[0m[;1m [[;1m[35m-Wunused-imports[0m[0m[;1m][0m[0m[;1m
    The import of `Control.Applicative' is redundant
      except perhaps to import instances from `Control.Applicative'
    To import instances alone, use: import Control.Applicative()[0m[0m
[;1m[34m   |[0m[0m
[;1m[34m37 |[0m[0m [;1m[35mimport Control.Applicative[0m[0m
[;1m[34m   |[0m[0m[;1m[35m ^^^^^^^^^^^^^^^^^^^^^^^^^^[0m[0m
[0m[0m[0m[2 of 4] Compiling System.EasyFile.FilePath ( System\EasyFile\FilePath.hs, .stack-work\dist\5c8418a7\build\System\EasyFile\FilePath.o )
[3 of 4] Compiling System.EasyFile.Missing ( System\EasyFile\Missing.hs, .stack-work\dist\5c8418a7\build\System\EasyFile\Missing.o )

[;1mSystem\EasyFile\Missing.hs:7:1: [;1m[35mwarning:[0m[0m[;1m [[;1m[35m-Wunused-imports[0m[0m[;1m][0m[0m[;1m
    The import of `Control.Applicative' is redundant
      except perhaps to import instances from `Control.Applicative'
    To import instances alone, use: import Control.Applicative()[0m[0m
[;1m[34m  |[0m[0m
[;1m[34m7 |[0m[0m [;1m[35mimport Control.Applicative[0m[0m
[;1m[34m  |[0m[0m[;1m[35m ^^^^^^^^^^^^^^^^^^^^^^^^^^[0m[0m
[0m[0m[0m[4 of 4] Compiling System.EasyFile  ( System\EasyFile.hs, .stack-work\dist\5c8418a7\build\System\EasyFile.o )
Installing library in C:\sr\snapshots\9f8b1558\lib\x86_64-windows-ghc-8.2.2\easy-file-0.2.1-4VNudTwQkB3ApAwDKeFyH9
Registering library for easy-file-0.2.1..
