Configuring unix-compat-0.5.0.1...
Preprocessing library for unix-compat-0.5.0.1..
Building library for unix-compat-0.5.0.1..
[1 of 9] Compiling System.PosixCompat.Internal.Time ( src\System\PosixCompat\Internal\Time.hs, .stack-work\dist\5c8418a7\build\System\PosixCompat\Internal\Time.o )
[2 of 9] Compiling System.PosixCompat.Temp ( src\System\PosixCompat\Temp.hs, .stack-work\dist\5c8418a7\build\System\PosixCompat\Temp.o )
[3 of 9] Compiling System.PosixCompat.Time ( src\System\PosixCompat\Time.hs, .stack-work\dist\5c8418a7\build\System\PosixCompat\Time.o )
[4 of 9] Compiling System.PosixCompat.Types ( src\System\PosixCompat\Types.hs, .stack-work\dist\5c8418a7\build\System\PosixCompat\Types.o )
[5 of 9] Compiling System.PosixCompat.Files ( .stack-work\dist\5c8418a7\build\System\PosixCompat\Files.hs, .stack-work\dist\5c8418a7\build\System\PosixCompat\Files.o )

[;1msrc\System\PosixCompat\Files.hsc:132:1: [;1m[35mwarning:[0m[0m[;1m [[;1m[35m-Wunused-imports[0m[0m[;1m][0m[0m[;1m
    The import of `renameFile'
    from module `System.Directory' is redundant[0m[0m
[;1m[34m    |[0m[0m
[;1m[34m132 |[0m[0m [;1m[35mimport System.Directory (getModificationTime, renameFile)[0m[0m
[;1m[34m    |[0m[0m[;1m[35m ^^^^^^^^^^^^^^^^^^^^^^^^^^^^^^^^^^^^^^^^^^^^^^^^^^^^^^^^^[0m[0m
[0m[0m[0m[6 of 9] Compiling System.PosixCompat.Extensions ( .stack-work\dist\5c8418a7\build\System\PosixCompat\Extensions.hs, .stack-work\dist\5c8418a7\build\System\PosixCompat\Extensions.o )
[7 of 9] Compiling System.PosixCompat.Unistd ( src\System\PosixCompat\Unistd.hs, .stack-work\dist\5c8418a7\build\System\PosixCompat\Unistd.o )
[8 of 9] Compiling System.PosixCompat.User ( .stack-work\dist\5c8418a7\build\System\PosixCompat\User.hs, .stack-work\dist\5c8418a7\build\System\PosixCompat\User.o )
[9 of 9] Compiling System.PosixCompat ( src\System\PosixCompat.hs, .stack-work\dist\5c8418a7\build\System\PosixCompat.o )
Installing library in C:\sr\snapshots\9f8b1558\lib\x86_64-windows-ghc-8.2.2\unix-compat-0.5.0.1-LZRmLEiXS2f6Z9VAkEZozo
Registering library for unix-compat-0.5.0.1..
